Arguments: 
  /usr/bin/nodejs /usr/share/yarn/bin/yarn.js add gulp

PATH: 
  /home/vagrant/.composer/vendor/bin:/home/vagrant/bin:/home/vagrant/.local/bin:/usr/local/sbin:/usr/local/bin:/usr/sbin:/usr/bin:/sbin:/bin:/usr/games:/usr/local/games:/snap/bin

Yarn version: 
  0.23.2

Node version: 
  6.10.0

Platform: 
  linux x64

npm manifest: 
  {
    "private": true,
    "devDependencies": {
      "gulp": "^3.8.8"
    },
    "dependencies": {
      "bootstrap-sass": "^3.0.0",
      "laravel-elixir": "^3.0.0"
    },
    "name": "laravel",
    "version": "1.0.0",
    "main": "index.js",
    "license": "MIT"
  }

yarn manifest: 
  No manifest

Lockfile: 
  No lockfile

Trace: 
  Error: EPROTO: protocol error, symlink '../../../semver/bin/semver' -> '/home/vagrant/Code/laravel/node_modules/accord/node_modules/.bin/semver'
      at Error (native)
